#
# There is insufficient memory for the Java Runtime Environment to continue.
# Native memory allocation (mmap) failed to map 266338304 bytes for G1 virtual space
# Possible reasons:
#   The system is out of physical RAM or swap space
#   The process is running with CompressedOops enabled, and the Java Heap may be blocking the growth of the native heap
# Possible solutions:
#   Reduce memory load on the system
#   Increase physical memory or swap space
#   Check if swap backing store is full
#   Decrease Java heap size (-Xmx/-Xms)
#   Decrease number of Java threads
#   Decrease Java thread stack sizes (-Xss)
#   Set larger code cache with -XX:ReservedCodeCacheSize=
#   JVM is running with Zero Based Compressed Oops mode in which the Java heap is
#     placed in the first 32GB address space. The Java Heap base address is the
#     maximum limit for the native heap growth. Please use -XX:HeapBaseMinAddress
#     to set the Java Heap base and to place the Java Heap above 32GB virtual address.
# This output file may be truncated or incomplete.
#
#  Out of Memory Error (os_windows.cpp:3829), pid=9380, tid=3820
#
# JRE version:  (17.0.8+7) (build )
# Java VM: OpenJDK 64-Bit Server VM (17.0.8+7-b1000.8, mixed mode, sharing, tiered, compressed oops, compressed class ptrs, g1 gc, windows-amd64)
# No core dump will be written. Minidumps are not enabled by default on client versions of Windows
#

---------------  S U M M A R Y ------------

Command Line: git4idea.http.GitAskPassApp Username for 'https://github.com': 

Host: Intel(R) Core(TM) i7-6700HQ CPU @ 2.60GHz, 8 cores, 15G,  Windows 10 , 64 bit Build 19041 (10.0.19041.4957)
Time: Mon Oct 21 18:46:28 2024 Hora oficial do Brasil elapsed time: 0.025753 seconds (0d 0h 0m 0s)

---------------  T H R E A D  ---------------

Current thread (0x000002ae46b0cd70):  JavaThread "Unknown thread" [_thread_in_vm, id=3820, stack(0x000000bfeea00000,0x000000bfeeb00000)]

Stack: [0x000000bfeea00000,0x000000bfeeb00000]
Native frames: (J=compiled Java code, j=interpreted, Vv=VM code, C=native code)
V  [jvm.dll+0x6852da]
V  [jvm.dll+0x844c84]
V  [jvm.dll+0x84659e]
V  [jvm.dll+0x846c03]
V  [jvm.dll+0x24b7cf]
V  [jvm.dll+0x682049]
V  [jvm.dll+0x67671a]
V  [jvm.dll+0x30be2b]
V  [jvm.dll+0x3132d6]
V  [jvm.dll+0x36302e]
V  [jvm.dll+0x36325f]
V  [jvm.dll+0x2e1f48]
V  [jvm.dll+0x2e2eb4]
V  [jvm.dll+0x815c11]
V  [jvm.dll+0x370df1]
V  [jvm.dll+0x7f4fdc]
V  [jvm.dll+0x3f3f1f]
V  [jvm.dll+0x3f5b31]
C  [jli.dll+0x528f]
C  [ucrtbase.dll+0x21bb2]
C  [KERNEL32.DLL+0x17374]
C  [ntdll.dll+0x4cc91]


---------------  P R O C E S S  ---------------

Threads class SMR info:
_java_thread_list=0x00007ffb6be70098, length=0, elements={
}

Java Threads: ( => current thread )

Other Threads:
  0x000002ae46b78540 GCTaskThread "GC Thread#0" [stack: 0x000000bfeeb00000,0x000000bfeec00000] [id=20856]
  0x000002ae46b89190 ConcurrentGCThread "G1 Main Marker" [stack: 0x000000bfeec00000,0x000000bfeed00000] [id=25616]
  0x000002ae46b89bf0 ConcurrentGCThread "G1 Conc#0" [stack: 0x000000bfeed00000,0x000000bfeee00000] [id=24076]

[error occurred during error reporting (printing all threads), id 0xc0000005, EXCEPTION_ACCESS_VIOLATION (0xc0000005) at pc=0x00007ffb6b622ab7]

VM state: not at safepoint (not fully initialized)

VM Mutex/Monitor currently owned by a thread:  ([mutex/lock_event])
[0x000002ae46b08a80] Heap_lock - owner thread: 0x000002ae46b0cd70

Heap address: 0x0000000702000000, size: 4064 MB, Compressed Oops mode: Zero based, Oop shift amount: 3

CDS archive(s) mapped at: [0x0000000000000000-0x0000000000000000-0x0000000000000000), size 0, SharedBaseAddress: 0x0000000800000000, ArchiveRelocationMode: 1.
Narrow klass base: 0x0000000000000000, Narrow klass shift: 0, Narrow klass range: 0x0

GC Precious Log:
<Empty>

Heap:
 garbage-first heap   total 0K, used 0K [0x0000000702000000, 0x0000000800000000)
  region size 2048K, 0 young (0K), 0 survivors (0K)
 Metaspace       used 0K, committed 0K, reserved 0K
  class space    used 0K, committed 0K, reserved 0K

Heap Regions: E=young(eden), S=young(survivor), O=old, HS=humongous(starts), HC=humongous(continues), CS=collection set, F=free, OA=open archive, CA=closed archive, TAMS=top-at-mark-start (previous, next)

Card table byte_map: [0x000002ae59d70000,0x000002ae5a560000] _byte_map_base: 0x000002ae56560000

Marking Bits (Prev, Next): (CMBitMap*) 0x000002ae46b78a60, (CMBitMap*) 0x000002ae46b78aa0
 Prev Bits: [0x000002ae5ad50000, 0x000002ae5ecd0000)
 Next Bits: [0x000002ae5ecd0000, 0x000002ae62c50000)

GC Heap History (0 events):
No events

Dll operation events (1 events):
Event: 0.011 Loaded shared library C:\Program Files\JetBrains\IntelliJ IDEA Community Edition 2023.2.1\jbr\bin\java.dll

Deoptimization events (0 events):
No events

Classes unloaded (0 events):
No events

Classes redefined (0 events):
No events

Internal exceptions (0 events):
No events

VM Operations (0 events):
No events

Events (0 events):
No events


Dynamic libraries:
0x00007ff690a00000 - 0x00007ff690a0a000 	C:\Program Files\JetBrains\IntelliJ IDEA Community Edition 2023.2.1\jbr\bin\java.exe
0x00007ffbdbe30000 - 0x00007ffbdc028000 	C:\Windows\SYSTEM32\ntdll.dll
0x00007ffbda9e0000 - 0x00007ffbdaaa2000 	C:\Windows\System32\KERNEL32.DLL
0x00007ffbd9720000 - 0x00007ffbd9a1e000 	C:\Windows\System32\KERNELBASE.dll
0x0000000050550000 - 0x000000005087e000 	C:\Program Files\Norton Security\NortonData\22.23.3.8\Definitions\IPSDefs\20241018.001\IPSEng64.dll
0x00007ffbdaab0000 - 0x00007ffbdab62000 	C:\Windows\System32\ADVAPI32.dll
0x00007ffbdbd50000 - 0x00007ffbdbdee000 	C:\Windows\System32\msvcrt.dll
0x00007ffbdbc80000 - 0x00007ffbdbd20000 	C:\Windows\System32\sechost.dll
0x00007ffbda640000 - 0x00007ffbda763000 	C:\Windows\System32\RPCRT4.dll
0x00007ffbd9e20000 - 0x00007ffbd9e47000 	C:\Windows\System32\bcrypt.dll
0x00007ffbda920000 - 0x00007ffbda928000 	C:\Windows\System32\PSAPI.DLL
0x00007ffbd9d20000 - 0x00007ffbd9e20000 	C:\Windows\System32\ucrtbase.dll
0x00007ffbc0610000 - 0x00007ffbc0627000 	C:\Program Files\JetBrains\IntelliJ IDEA Community Edition 2023.2.1\jbr\bin\jli.dll
0x00007ffbb5460000 - 0x00007ffbb547b000 	C:\Program Files\JetBrains\IntelliJ IDEA Community Edition 2023.2.1\jbr\bin\VCRUNTIME140.dll
0x00007ffbdac60000 - 0x00007ffbdadfd000 	C:\Windows\System32\USER32.dll
0x00007ffbd9cf0000 - 0x00007ffbd9d12000 	C:\Windows\System32\win32u.dll
0x00007ffbccc30000 - 0x00007ffbcceca000 	C:\Windows\WinSxS\amd64_microsoft.windows.common-controls_6595b64144ccf1df_6.0.19041.4355_none_60b8b9eb71f62e16\COMCTL32.dll
0x00007ffbd9e50000 - 0x00007ffbd9e7b000 	C:\Windows\System32\GDI32.dll
0x00007ffbd9a20000 - 0x00007ffbd9b37000 	C:\Windows\System32\gdi32full.dll
0x00007ffbd94d0000 - 0x00007ffbd956d000 	C:\Windows\System32\msvcp_win.dll
0x00007ffbdbd20000 - 0x00007ffbdbd4f000 	C:\Windows\System32\IMM32.DLL
0x00007ffbbfa60000 - 0x00007ffbbfa6c000 	C:\Program Files\JetBrains\IntelliJ IDEA Community Edition 2023.2.1\jbr\bin\vcruntime140_1.dll
0x00007ffb7faf0000 - 0x00007ffb7fb7d000 	C:\Program Files\JetBrains\IntelliJ IDEA Community Edition 2023.2.1\jbr\bin\msvcp140.dll
0x00007ffb6b330000 - 0x00007ffb6bfb3000 	C:\Program Files\JetBrains\IntelliJ IDEA Community Edition 2023.2.1\jbr\bin\server\jvm.dll
0x00007ffbd7b80000 - 0x00007ffbd7b89000 	C:\Windows\SYSTEM32\WSOCK32.dll
0x00007ffbc17c0000 - 0x00007ffbc17e7000 	C:\Windows\SYSTEM32\WINMM.dll
0x00007ffbd8a30000 - 0x00007ffbd8a7b000 	C:\Windows\SYSTEM32\POWRPROF.dll
0x00007ffbd2650000 - 0x00007ffbd265a000 	C:\Windows\SYSTEM32\VERSION.dll
0x00007ffbd9e80000 - 0x00007ffbd9eeb000 	C:\Windows\System32\WS2_32.dll
0x00007ffbd88a0000 - 0x00007ffbd88b2000 	C:\Windows\SYSTEM32\UMPDC.dll
0x00007ffbd7cb0000 - 0x00007ffbd7cc2000 	C:\Windows\SYSTEM32\kernel.appcore.dll
0x00007ffbd5070000 - 0x00007ffbd507a000 	C:\Program Files\JetBrains\IntelliJ IDEA Community Edition 2023.2.1\jbr\bin\jimage.dll
0x00007ffbd71c0000 - 0x00007ffbd73a4000 	C:\Windows\SYSTEM32\DBGHELP.DLL
0x00007ffbc8350000 - 0x00007ffbc8384000 	C:\Windows\SYSTEM32\dbgcore.DLL
0x00007ffbd9570000 - 0x00007ffbd95f2000 	C:\Windows\System32\bcryptPrimitives.dll
0x00007ffbc8110000 - 0x00007ffbc8135000 	C:\Program Files\JetBrains\IntelliJ IDEA Community Edition 2023.2.1\jbr\bin\java.dll

dbghelp: loaded successfully - version: 4.0.5 - missing functions: none
symbol engine: initialized successfully - sym options: 0x614 - pdb path: .;C:\Program Files\JetBrains\IntelliJ IDEA Community Edition 2023.2.1\jbr\bin;C:\Windows\SYSTEM32;C:\Program Files\Norton Security\NortonData\22.23.3.8\Definitions\IPSDefs\20241018.001;C:\Windows\WinSxS\amd64_microsoft.windows.common-controls_6595b64144ccf1df_6.0.19041.4355_none_60b8b9eb71f62e16;C:\Program Files\JetBrains\IntelliJ IDEA Community Edition 2023.2.1\jbr\bin\server

VM Arguments:
java_command: git4idea.http.GitAskPassApp Username for 'https://github.com': 
java_class_path (initial): C:/Program Files/JetBrains/IntelliJ IDEA Community Edition 2023.2.1/plugins/vcs-git/lib/git4idea-rt.jar;C:/Program Files/JetBrains/IntelliJ IDEA Community Edition 2023.2.1/lib/externalProcess-rt.jar
Launcher Type: SUN_STANDARD

[Global flags]
     intx CICompilerCount                          = 4                                         {product} {ergonomic}
     uint ConcGCThreads                            = 2                                         {product} {ergonomic}
     uint G1ConcRefinementThreads                  = 8                                         {product} {ergonomic}
   size_t G1HeapRegionSize                         = 2097152                                   {product} {ergonomic}
    uintx GCDrainStackTargetSize                   = 64                                        {product} {ergonomic}
   size_t InitialHeapSize                          = 266338304                                 {product} {ergonomic}
   size_t MarkStackSize                            = 4194304                                   {product} {ergonomic}
   size_t MaxHeapSize                              = 4261412864                                {product} {ergonomic}
   size_t MinHeapDeltaBytes                        = 2097152                                   {product} {ergonomic}
   size_t MinHeapSize                              = 8388608                                   {product} {ergonomic}
    uintx NonNMethodCodeHeapSize                   = 5839372                                {pd product} {ergonomic}
    uintx NonProfiledCodeHeapSize                  = 122909434                              {pd product} {ergonomic}
    uintx ProfiledCodeHeapSize                     = 122909434                              {pd product} {ergonomic}
    uintx ReservedCodeCacheSize                    = 251658240                              {pd product} {ergonomic}
     bool SegmentedCodeCache                       = true                                      {product} {ergonomic}
   size_t SoftMaxHeapSize                          = 4261412864                             {manageable} {ergonomic}
     bool UseCompressedClassPointers               = true                           {product lp64_product} {ergonomic}
     bool UseCompressedOops                        = true                           {product lp64_product} {ergonomic}
     bool UseG1GC                                  = true                                      {product} {ergonomic}
     bool UseLargePagesIndividualAllocation        = false                                  {pd product} {ergonomic}

Logging:
Log output configuration:
 #0: stdout all=warning uptime,level,tags
 #1: stderr all=off uptime,level,tags

Environment Variables:
PATH=C:\Program Files\Git\mingw64\libexec\git-core;C:\Program Files\Git\mingw64\libexec\git-core;C:\Program Files\Git\mingw64\bin;C:\Program Files\Git\usr\bin;C:\Users\Dell\bin;C:\Program Files\Rockwell Software\RSCommon;C:\Program Files\Common Files\Oracle\Java\javapath;C:\Program Files (x86)\Common Files\Oracle\Java\java8path;C:\Program Files (x86)\Common Files\Oracle\Java\javapath;C:\Windows\system32;C:\Windows;C:\Windows\System32\Wbem;C:\Windows\System32\WindowsPowerShell\v1.0;C:\Windows\System32\OpenSSH;C:\Program Files\dotnet;C:\Program Files (x86)\Intel\Intel(R) Management Engine Components\DAL;C:\Program Files\Intel\Intel(R) Management Engine Components\DAL;C:\Program Files\Git\cmd;C:\Program Files\Calibre2;C:\Program Files\nodejs;C:\ProgramData\chocolatey\bin;C:\Program Files\MySQL\MySQL Shell 8.0\bin;C:\Users\Dell\AppData\Local\Microsoft\WindowsApps;C:\Users\Dell\AppData\Local\Programs\Microsoft VS Code\bin;C:\MinGW\bin;C:\Users\Dell\.dotnet\tools;C:\Users\Dell\AppData\Roaming\npm;C:\Program Files\JetBrains\IntelliJ IDEA Community Edition 2023.2.1\bin;C:\Program Files\Java\jdk-20\lib
USERNAME=Dell
DISPLAY=:0.0
LC_ALL=en_US.UTF-8
TERM=xterm-256color
TMPDIR=C:\Users\Dell\AppData\Local\Temp
OS=Windows_NT
PROCESSOR_IDENTIFIER=Intel64 Family 6 Model 94 Stepping 3, GenuineIntel
TMP=C:\Users\Dell\AppData\Local\Temp
TEMP=C:\Users\Dell\AppData\Local\Temp


JNI global refs:
JNI global refs: 0, weak refs: 0

JNI global refs memory usage: 0, weak refs: 0

OOME stack traces (most recent first):
Classloader memory used:


---------------  S Y S T E M  ---------------

OS:
 Windows 10 , 64 bit Build 19041 (10.0.19041.4957)
OS uptime: 3 days 18:16 hours
Hyper-V role detected

CPU: total 8 (initial active 8) (4 cores per cpu, 2 threads per core) family 6 model 94 stepping 3 microcode 0xcc, cx8, cmov, fxsr, ht, mmx, 3dnowpref, sse, sse2, sse3, ssse3, sse4.1, sse4.2, popcnt, lzcnt, tsc, tscinvbit, avx, avx2, aes, erms, clmul, bmi1, bmi2, rtm, adx, fma, vzeroupper, clflush, clflushopt, hv
Processor Information for all 8 processors :
  Max Mhz: 2601, Current Mhz: 2601, Mhz Limit: 2601

Memory: 4k page, system-wide physical 16252M (4046M free)
TotalPageFile size 19179M (AvailPageFile size 212M)
current process WorkingSet (physical memory assigned to process): 11M, peak: 11M
current process commit charge ("private bytes"): 61M, peak: 315M

vm_info: OpenJDK 64-Bit Server VM (17.0.8+7-b1000.8) for windows-amd64 JRE (17.0.8+7-b1000.8), built on 2023-08-04 by "builduser" with MS VC++ 16.10 / 16.11 (VS2019)

END.
